<?xml version="1.0" encoding="utf-8"?><testsuites name="pytest tests"><testsuite name="pytest" errors="0" failures="0" skipped="0" tests="35" time="0.784" timestamp="2025-06-26T07:29:48.605912+00:00" hostname="runner-nn8vmrs9z-project-71015407-concurrent-0"><testcase classname="tests.test_infdate.GenericDate" name="test_add" time="0.009" /><testcase classname="tests.test_infdate.GenericDate" name="test_add_days" time="0.005" /><testcase classname="tests.test_infdate.GenericDate" name="test_bool" time="0.001" /><testcase classname="tests.test_infdate.GenericDate" name="test_eq" time="0.001" /><testcase classname="tests.test_infdate.GenericDate" name="test_ge" time="0.056" /><testcase classname="tests.test_infdate.GenericDate" name="test_gt" time="0.047" /><testcase classname="tests.test_infdate.GenericDate" name="test_hash" time="0.001" /><testcase classname="tests.test_infdate.GenericDate" name="test_isoformat" time="0.001" /><testcase classname="tests.test_infdate.GenericDate" name="test_le" time="0.056" /><testcase classname="tests.test_infdate.GenericDate" name="test_lt" time="0.046" /><testcase classname="tests.test_infdate.GenericDate" name="test_ne" time="0.046" /><testcase classname="tests.test_infdate.GenericDate" name="test_replace" time="0.001" /><testcase classname="tests.test_infdate.GenericDate" name="test_repr" time="0.001" /><testcase classname="tests.test_infdate.GenericDate" name="test_str" time="0.001" /><testcase classname="tests.test_infdate.GenericDate" name="test_strftime" time="0.001" /><testcase classname="tests.test_infdate.GenericDate" name="test_sub_date" time="0.001" /><testcase classname="tests.test_infdate.GenericDate" name="test_sub_number" time="0.004" /><testcase classname="tests.test_infdate.GenericDate" name="test_toordinal" time="0.001" /><testcase classname="tests.test_infdate.InfinityDate" name="test_replace" time="0.001" /><testcase classname="tests.test_infdate.InfinityDate" name="test_repr" time="0.001" /><testcase classname="tests.test_infdate.InfinityDate" name="test_strftime" time="0.001" /><testcase classname="tests.test_infdate.RealDate" name="test_attributes" time="0.002" /><testcase classname="tests.test_infdate.RealDate" name="test_bool" time="0.001" /><testcase classname="tests.test_infdate.RealDate" name="test_proxied_methods" time="0.001" /><testcase classname="tests.test_infdate.RealDate" name="test_replace" time="0.002" /><testcase classname="tests.test_infdate.RealDate" name="test_repr" time="0.001" /><testcase classname="tests.test_infdate.RealDate" name="test_strftime" time="0.003" /><testcase classname="tests.test_infdate.FactoryFunctions" name="test_from_datetime_object" time="0.002" /><testcase classname="tests.test_infdate.FactoryFunctions" name="test_from_native_type" time="0.006" /><testcase classname="tests.test_infdate.FactoryFunctions" name="test_fromisocalendar" time="0.002" /><testcase classname="tests.test_infdate.FactoryFunctions" name="test_fromisoformat" time="0.002" /><testcase classname="tests.test_infdate.FactoryFunctions" name="test_fromordinal" time="0.003" /><testcase classname="tests.test_infdate.FactoryFunctions" name="test_fromtimestamp" time="0.003" /><testcase classname="tests.test_infdate.FactoryFunctions" name="test_fromtimestamp_errors" time="0.001" /><testcase classname="tests.test_infdate.FactoryFunctions" name="test_today" time="0.002" /></testsuite></testsuites>