<?xml version="1.0" encoding="utf-8"?><testsuites name="pytest tests"><testsuite name="pytest" errors="0" failures="0" skipped="0" tests="39" time="1.137" timestamp="2025-06-27T15:27:43.088896+00:00" hostname="runner-xxurkrix-project-71015407-concurrent-0"><testcase classname="tests.test_infdate.GenericDateBase" name="test_bool" time="0.003" /><testcase classname="tests.test_infdate.GenericDateBase" name="test_eq" time="0.001" /><testcase classname="tests.test_infdate.GenericDateBase" name="test_ge" time="0.058" /><testcase classname="tests.test_infdate.GenericDateBase" name="test_gt" time="0.046" /><testcase classname="tests.test_infdate.GenericDateBase" name="test_hash" time="0.001" /><testcase classname="tests.test_infdate.GenericDateBase" name="test_isoformat" time="0.002" /><testcase classname="tests.test_infdate.GenericDateBase" name="test_le" time="0.057" /><testcase classname="tests.test_infdate.GenericDateBase" name="test_lt" time="0.047" /><testcase classname="tests.test_infdate.GenericDateBase" name="test_nan_not_allowed" time="0.002" /><testcase classname="tests.test_infdate.GenericDateBase" name="test_ne" time="0.047" /><testcase classname="tests.test_infdate.GenericDateBase" name="test_replace" time="0.001" /><testcase classname="tests.test_infdate.GenericDateBase" name="test_repr" time="0.001" /><testcase classname="tests.test_infdate.GenericDateBase" name="test_str" time="0.002" /><testcase classname="tests.test_infdate.GenericDateBase" name="test_strftime" time="0.001" /><testcase classname="tests.test_infdate.GenericDateBase" name="test_toordinal" time="0.001" /><testcase classname="tests.test_infdate.GenericDateArithmetics" name="test_add_and_radd" time="0.008" /><testcase classname="tests.test_infdate.GenericDateArithmetics" name="test_add_days" time="0.005" /><testcase classname="tests.test_infdate.GenericDateArithmetics" name="test_rsub_stdlib_date" time="0.001" /><testcase classname="tests.test_infdate.GenericDateArithmetics" name="test_sub_date" time="0.001" /><testcase classname="tests.test_infdate.GenericDateArithmetics" name="test_sub_number" time="0.005" /><testcase classname="tests.test_infdate.GenericDateArithmetics" name="test_sub_stdlib_date" time="0.001" /><testcase classname="tests.test_infdate.InfinityDate" name="test_replace" time="0.002" /><testcase classname="tests.test_infdate.InfinityDate" name="test_repr" time="0.001" /><testcase classname="tests.test_infdate.InfinityDate" name="test_strftime" time="0.001" /><testcase classname="tests.test_infdate.RealDate" name="test_attributes" time="0.001" /><testcase classname="tests.test_infdate.RealDate" name="test_bool" time="0.001" /><testcase classname="tests.test_infdate.RealDate" name="test_proxied_methods" time="0.002" /><testcase classname="tests.test_infdate.RealDate" name="test_random_date_within_limits" time="0.295" /><testcase classname="tests.test_infdate.RealDate" name="test_replace" time="0.002" /><testcase classname="tests.test_infdate.RealDate" name="test_repr" time="0.001" /><testcase classname="tests.test_infdate.RealDate" name="test_strftime" time="0.003" /><testcase classname="tests.test_infdate.FactoryFunctions" name="test_from_datetime_object" time="0.002" /><testcase classname="tests.test_infdate.FactoryFunctions" name="test_from_native_type" time="0.006" /><testcase classname="tests.test_infdate.FactoryFunctions" name="test_fromisocalendar" time="0.002" /><testcase classname="tests.test_infdate.FactoryFunctions" name="test_fromisoformat" time="0.002" /><testcase classname="tests.test_infdate.FactoryFunctions" name="test_fromordinal" time="0.003" /><testcase classname="tests.test_infdate.FactoryFunctions" name="test_fromtimestamp" time="0.003" /><testcase classname="tests.test_infdate.FactoryFunctions" name="test_fromtimestamp_errors" time="0.001" /><testcase classname="tests.test_infdate.FactoryFunctions" name="test_today" time="0.003" /></testsuite></testsuites>